<?xml version="1.0" encoding="UTF-8"?>
<testng-results skipped="0" failed="0" ignored="0" total="1" passed="1">
  <reporter-output>
  </reporter-output>
  <suite name="Default suite" duration-ms="31797" started-at="2019-03-07T03:24:04Z" finished-at="2019-03-07T03:24:36Z">
    <groups>
    </groups>
    <test name="Default test" duration-ms="31797" started-at="2019-03-07T03:24:04Z" finished-at="2019-03-07T03:24:36Z">
      <class name="findid_PC.findid_PC.AppTest">
        <test-method status="PASS" signature="setup()[pri:0, instance:findid_PC.findid_PC.AppTest@13deb50e]" name="setup" is-config="true" duration-ms="3754" started-at="2019-03-07T03:24:04Z" finished-at="2019-03-07T03:24:08Z">
          <reporter-output>
          </reporter-output>
        </test-method> <!-- setup -->
        <test-method status="PASS" signature="findID()[pri:0, instance:findid_PC.findid_PC.AppTest@13deb50e]" name="findID" duration-ms="26950" started-at="2019-03-07T03:24:08Z" finished-at="2019-03-07T03:24:35Z">
          <reporter-output>
          </reporter-output>
        </test-method> <!-- findID -->
        <test-method status="PASS" signature="end()[pri:0, instance:findid_PC.findid_PC.AppTest@13deb50e]" name="end" is-config="true" duration-ms="1054" started-at="2019-03-07T03:24:35Z" finished-at="2019-03-07T03:24:36Z">
          <reporter-output>
          </reporter-output>
        </test-method> <!-- end -->
      </class> <!-- findid_PC.findid_PC.AppTest -->
    </test> <!-- Default test -->
  </suite> <!-- Default suite -->
</testng-results>
